[3.111s] Invoking command in '/home/ros-student/ros2_ws/src/my_robot_controller': PYTHONPATH=/home/ros-student/ros2_ws/build/my_robot_controller/prefix_override:/usr/lib/python3/dist-packages/colcon_core/task/python/colcon_distutils_commands:/home/ros-student/ros2_ws/install/my_robot_controller/lib/python3.10/site-packages: /usr/bin/python3 -W ignore:setup.py install is deprecated -W ignore:easy_install command is deprecated setup.py egg_info --egg-base ../../build/my_robot_controller build --build-base /home/ros-student/ros2_ws/build/my_robot_controller/build install --record /home/ros-student/ros2_ws/build/my_robot_controller/install.log --single-version-externally-managed install_data
[4.023s] running egg_info
[4.025s] writing ../../build/my_robot_controller/my_robot_controller.egg-info/PKG-INFO
[4.026s] writing dependency_links to ../../build/my_robot_controller/my_robot_controller.egg-info/dependency_links.txt
[4.026s] writing entry points to ../../build/my_robot_controller/my_robot_controller.egg-info/entry_points.txt
[4.027s] writing requirements to ../../build/my_robot_controller/my_robot_controller.egg-info/requires.txt
[4.027s] writing top-level names to ../../build/my_robot_controller/my_robot_controller.egg-info/top_level.txt
[4.127s] reading manifest file '../../build/my_robot_controller/my_robot_controller.egg-info/SOURCES.txt'
[4.199s] writing manifest file '../../build/my_robot_controller/my_robot_controller.egg-info/SOURCES.txt'
[4.200s] running build
[4.200s] running build_py
[4.235s] running install
[4.236s] running install_lib
[4.242s] running install_data
[4.262s] running install_egg_info
[4.272s] removing '/home/ros-student/ros2_ws/install/my_robot_controller/lib/python3.10/site-packages/my_robot_controller-0.0.0-py3.10.egg-info' (and everything under it)
[4.276s] Copying ../../build/my_robot_controller/my_robot_controller.egg-info to /home/ros-student/ros2_ws/install/my_robot_controller/lib/python3.10/site-packages/my_robot_controller-0.0.0-py3.10.egg-info
[4.279s] running install_scripts
[4.361s] Installing gui_control script to /home/ros-student/ros2_ws/install/my_robot_controller/lib/my_robot_controller
[4.369s] writing list of installed files to '/home/ros-student/ros2_ws/build/my_robot_controller/install.log'
[4.449s] Invoked command in '/home/ros-student/ros2_ws/src/my_robot_controller' returned '0': PYTHONPATH=/home/ros-student/ros2_ws/build/my_robot_controller/prefix_override:/usr/lib/python3/dist-packages/colcon_core/task/python/colcon_distutils_commands:/home/ros-student/ros2_ws/install/my_robot_controller/lib/python3.10/site-packages: /usr/bin/python3 -W ignore:setup.py install is deprecated -W ignore:easy_install command is deprecated setup.py egg_info --egg-base ../../build/my_robot_controller build --build-base /home/ros-student/ros2_ws/build/my_robot_controller/build install --record /home/ros-student/ros2_ws/build/my_robot_controller/install.log --single-version-externally-managed install_data
