[2.241s] Invoking command in '/home/ros-student/ros2_ws/src/robot_interface': PYTHONPATH=/home/ros-student/ros2_ws/build/robot_interface/prefix_override:/usr/lib/python3/dist-packages/colcon_core/task/python/colcon_distutils_commands:/home/ros-student/ros2_ws/install/robot_interface/lib/python3.10/site-packages: /usr/bin/python3 -W ignore:setup.py install is deprecated -W ignore:easy_install command is deprecated setup.py egg_info --egg-base ../../build/robot_interface build --build-base /home/ros-student/ros2_ws/build/robot_interface/build install --record /home/ros-student/ros2_ws/build/robot_interface/install.log --single-version-externally-managed
[2.702s] running egg_info
[2.703s] writing ../../build/robot_interface/robot_interface.egg-info/PKG-INFO
[2.704s] writing dependency_links to ../../build/robot_interface/robot_interface.egg-info/dependency_links.txt
[2.704s] writing entry points to ../../build/robot_interface/robot_interface.egg-info/entry_points.txt
[2.705s] writing requirements to ../../build/robot_interface/robot_interface.egg-info/requires.txt
[2.705s] writing top-level names to ../../build/robot_interface/robot_interface.egg-info/top_level.txt
[2.752s] reading manifest file '../../build/robot_interface/robot_interface.egg-info/SOURCES.txt'
[2.786s] writing manifest file '../../build/robot_interface/robot_interface.egg-info/SOURCES.txt'
[2.787s] running build
[2.787s] running build_py
[2.808s] running install
[2.808s] running install_lib
[2.811s] running install_egg_info
[2.816s] removing '/home/ros-student/ros2_ws/install/robot_interface/lib/python3.10/site-packages/robot_interface-0.0.0-py3.10.egg-info' (and everything under it)
[2.817s] Copying ../../build/robot_interface/robot_interface.egg-info to /home/ros-student/ros2_ws/install/robot_interface/lib/python3.10/site-packages/robot_interface-0.0.0-py3.10.egg-info
[2.822s] running install_scripts
[2.868s] Installing robot_control script to /home/ros-student/ros2_ws/install/robot_interface/lib/robot_interface
[2.872s] writing list of installed files to '/home/ros-student/ros2_ws/build/robot_interface/install.log'
[2.912s] Invoked command in '/home/ros-student/ros2_ws/src/robot_interface' returned '0': PYTHONPATH=/home/ros-student/ros2_ws/build/robot_interface/prefix_override:/usr/lib/python3/dist-packages/colcon_core/task/python/colcon_distutils_commands:/home/ros-student/ros2_ws/install/robot_interface/lib/python3.10/site-packages: /usr/bin/python3 -W ignore:setup.py install is deprecated -W ignore:easy_install command is deprecated setup.py egg_info --egg-base ../../build/robot_interface build --build-base /home/ros-student/ros2_ws/build/robot_interface/build install --record /home/ros-student/ros2_ws/build/robot_interface/install.log --single-version-externally-managed
