[0.091s] DEBUG:colcon:Command line arguments: ['/usr/bin/colcon', 'build']
[0.092s] DEBUG:colcon:Parsed command line arguments: Namespace(log_base=None, log_level=None, verb_name='build', build_base='build', install_base='install', merge_install=False, symlink_install=False, test_result_base=None, continue_on_error=False, executor='parallel', parallel_workers=16, event_handlers=None, ignore_user_meta=False, metas=['./colcon.meta'], base_paths=['.'], packages_ignore=None, packages_ignore_regex=None, paths=None, packages_up_to=None, packages_up_to_regex=None, packages_above=None, packages_above_and_dependencies=None, packages_above_depth=None, packages_select_by_dep=None, packages_skip_by_dep=None, packages_skip_up_to=None, packages_select_build_failed=False, packages_skip_build_finished=False, packages_select_test_failures=False, packages_skip_test_passed=False, packages_select=None, packages_skip=None, packages_select_regex=None, packages_skip_regex=None, packages_start=None, packages_end=None, cmake_args=None, cmake_target=None, cmake_target_skip_unavailable=False, cmake_clean_cache=False, cmake_clean_first=False, cmake_force_configure=False, ament_cmake_args=None, catkin_cmake_args=None, catkin_skip_building_tests=False, mixin_files=None, mixin=None, verb_parser=<colcon_mixin.mixin.mixin_argument.MixinArgumentDecorator object at 0x7f9dd5913640>, verb_extension=<colcon_core.verb.build.BuildVerb object at 0x7f9dd58585e0>, main=<bound method BuildVerb.main of <colcon_core.verb.build.BuildVerb object at 0x7f9dd58585e0>>, mixin_verb=('build',))
[0.201s] Level 1:colcon.colcon_core.package_discovery:discover_packages(colcon_meta) check parameters
[0.202s] Level 1:colcon.colcon_core.package_discovery:discover_packages(recursive) check parameters
[0.202s] Level 1:colcon.colcon_core.package_discovery:discover_packages(ignore) check parameters
[0.202s] Level 1:colcon.colcon_core.package_discovery:discover_packages(path) check parameters
[0.202s] Level 1:colcon.colcon_core.package_discovery:discover_packages(colcon_meta) discover
[0.202s] Level 1:colcon.colcon_core.package_discovery:discover_packages(recursive) discover
[0.202s] INFO:colcon.colcon_core.package_discovery:Crawling recursively for packages in '/home/ros-student/ros2_ws'
[0.202s] Level 1:colcon.colcon_core.package_identification:_identify(.) by extensions ['ignore', 'ignore_ament_install']
[0.202s] Level 1:colcon.colcon_core.package_identification:_identify(.) by extension 'ignore'
[0.202s] Level 1:colcon.colcon_core.package_identification:_identify(.) by extension 'ignore_ament_install'
[0.202s] Level 1:colcon.colcon_core.package_identification:_identify(.) by extensions ['colcon_pkg']
[0.202s] Level 1:colcon.colcon_core.package_identification:_identify(.) by extension 'colcon_pkg'
[0.202s] Level 1:colcon.colcon_core.package_identification:_identify(.) by extensions ['colcon_meta']
[0.202s] Level 1:colcon.colcon_core.package_identification:_identify(.) by extension 'colcon_meta'
[0.202s] Level 1:colcon.colcon_core.package_identification:_identify(.) by extensions ['ros']
[0.203s] Level 1:colcon.colcon_core.package_identification:_identify(.) by extension 'ros'
[0.213s] Level 1:colcon.colcon_core.package_identification:_identify(.) by extensions ['cmake', 'python']
[0.213s] Level 1:colcon.colcon_core.package_identification:_identify(.) by extension 'cmake'
[0.213s] Level 1:colcon.colcon_core.package_identification:_identify(.) by extension 'python'
[0.213s] Level 1:colcon.colcon_core.package_identification:_identify(.) by extensions ['python_setup_py']
[0.213s] Level 1:colcon.colcon_core.package_identification:_identify(.) by extension 'python_setup_py'
[0.213s] Level 1:colcon.colcon_core.package_identification:_identify(build) by extensions ['ignore', 'ignore_ament_install']
[0.213s] Level 1:colcon.colcon_core.package_identification:_identify(build) by extension 'ignore'
[0.213s] Level 1:colcon.colcon_core.package_identification:_identify(build) ignored
[0.213s] Level 1:colcon.colcon_core.package_identification:_identify(install) by extensions ['ignore', 'ignore_ament_install']
[0.214s] Level 1:colcon.colcon_core.package_identification:_identify(install) by extension 'ignore'
[0.214s] Level 1:colcon.colcon_core.package_identification:_identify(install) ignored
[0.214s] Level 1:colcon.colcon_core.package_identification:_identify(log) by extensions ['ignore', 'ignore_ament_install']
[0.214s] Level 1:colcon.colcon_core.package_identification:_identify(log) by extension 'ignore'
[0.214s] Level 1:colcon.colcon_core.package_identification:_identify(log) ignored
[0.215s] Level 1:colcon.colcon_core.package_identification:_identify(src) by extensions ['ignore', 'ignore_ament_install']
[0.216s] Level 1:colcon.colcon_core.package_identification:_identify(src) by extension 'ignore'
[0.216s] Level 1:colcon.colcon_core.package_identification:_identify(src) by extension 'ignore_ament_install'
[0.216s] Level 1:colcon.colcon_core.package_identification:_identify(src) by extensions ['colcon_pkg']
[0.216s] Level 1:colcon.colcon_core.package_identification:_identify(src) by extension 'colcon_pkg'
[0.216s] Level 1:colcon.colcon_core.package_identification:_identify(src) by extensions ['colcon_meta']
[0.217s] Level 1:colcon.colcon_core.package_identification:_identify(src) by extension 'colcon_meta'
[0.217s] Level 1:colcon.colcon_core.package_identification:_identify(src) by extensions ['ros']
[0.217s] Level 1:colcon.colcon_core.package_identification:_identify(src) by extension 'ros'
[0.218s] Level 1:colcon.colcon_core.package_identification:_identify(src) by extensions ['cmake', 'python']
[0.218s] Level 1:colcon.colcon_core.package_identification:_identify(src) by extension 'cmake'
[0.218s] Level 1:colcon.colcon_core.package_identification:_identify(src) by extension 'python'
[0.218s] Level 1:colcon.colcon_core.package_identification:_identify(src) by extensions ['python_setup_py']
[0.218s] Level 1:colcon.colcon_core.package_identification:_identify(src) by extension 'python_setup_py'
[0.220s] Level 1:colcon.colcon_core.package_identification:_identify(src/my_robot_controller) by extensions ['ignore', 'ignore_ament_install']
[0.220s] Level 1:colcon.colcon_core.package_identification:_identify(src/my_robot_controller) by extension 'ignore'
[0.221s] Level 1:colcon.colcon_core.package_identification:_identify(src/my_robot_controller) by extension 'ignore_ament_install'
[0.222s] Level 1:colcon.colcon_core.package_identification:_identify(src/my_robot_controller) by extensions ['colcon_pkg']
[0.222s] Level 1:colcon.colcon_core.package_identification:_identify(src/my_robot_controller) by extension 'colcon_pkg'
[0.222s] Level 1:colcon.colcon_core.package_identification:_identify(src/my_robot_controller) by extensions ['colcon_meta']
[0.222s] Level 1:colcon.colcon_core.package_identification:_identify(src/my_robot_controller) by extension 'colcon_meta'
[0.223s] Level 1:colcon.colcon_core.package_identification:_identify(src/my_robot_controller) by extensions ['ros']
[0.223s] Level 1:colcon.colcon_core.package_identification:_identify(src/my_robot_controller) by extension 'ros'
[0.231s] DEBUG:colcon.colcon_core.package_identification:Package 'src/my_robot_controller' with type 'ros.ament_python' and name 'my_robot_controller'
[0.234s] Level 1:colcon.colcon_core.package_identification:_identify(src/robot_interface) by extensions ['ignore', 'ignore_ament_install']
[0.234s] Level 1:colcon.colcon_core.package_identification:_identify(src/robot_interface) by extension 'ignore'
[0.234s] Level 1:colcon.colcon_core.package_identification:_identify(src/robot_interface) by extension 'ignore_ament_install'
[0.235s] Level 1:colcon.colcon_core.package_identification:_identify(src/robot_interface) by extensions ['colcon_pkg']
[0.235s] Level 1:colcon.colcon_core.package_identification:_identify(src/robot_interface) by extension 'colcon_pkg'
[0.236s] Level 1:colcon.colcon_core.package_identification:_identify(src/robot_interface) by extensions ['colcon_meta']
[0.236s] Level 1:colcon.colcon_core.package_identification:_identify(src/robot_interface) by extension 'colcon_meta'
[0.236s] Level 1:colcon.colcon_core.package_identification:_identify(src/robot_interface) by extensions ['ros']
[0.236s] Level 1:colcon.colcon_core.package_identification:_identify(src/robot_interface) by extension 'ros'
[0.243s] DEBUG:colcon.colcon_core.package_identification:Package 'src/robot_interface' with type 'ros.ament_python' and name 'robot_interface'
[0.243s] Level 1:colcon.colcon_core.package_discovery:discover_packages(recursive) using defaults
[0.243s] Level 1:colcon.colcon_core.package_discovery:discover_packages(ignore) discover
[0.243s] Level 1:colcon.colcon_core.package_discovery:discover_packages(ignore) using defaults
[0.243s] Level 1:colcon.colcon_core.package_discovery:discover_packages(path) discover
[0.243s] Level 1:colcon.colcon_core.package_discovery:discover_packages(path) using defaults
[0.271s] Level 5:colcon.colcon_core.verb:set package 'my_robot_controller' build argument 'cmake_args' from command line to 'None'
[0.272s] Level 5:colcon.colcon_core.verb:set package 'my_robot_controller' build argument 'cmake_target' from command line to 'None'
[0.272s] Level 5:colcon.colcon_core.verb:set package 'my_robot_controller' build argument 'cmake_target_skip_unavailable' from command line to 'False'
[0.272s] Level 5:colcon.colcon_core.verb:set package 'my_robot_controller' build argument 'cmake_clean_cache' from command line to 'False'
[0.272s] Level 5:colcon.colcon_core.verb:set package 'my_robot_controller' build argument 'cmake_clean_first' from command line to 'False'
[0.272s] Level 5:colcon.colcon_core.verb:set package 'my_robot_controller' build argument 'cmake_force_configure' from command line to 'False'
[0.272s] Level 5:colcon.colcon_core.verb:set package 'my_robot_controller' build argument 'ament_cmake_args' from command line to 'None'
[0.272s] Level 5:colcon.colcon_core.verb:set package 'my_robot_controller' build argument 'catkin_cmake_args' from command line to 'None'
[0.272s] Level 5:colcon.colcon_core.verb:set package 'my_robot_controller' build argument 'catkin_skip_building_tests' from command line to 'False'
[0.272s] DEBUG:colcon.colcon_core.verb:Building package 'my_robot_controller' with the following arguments: {'ament_cmake_args': None, 'build_base': '/home/ros-student/ros2_ws/build/my_robot_controller', 'catkin_cmake_args': None, 'catkin_skip_building_tests': False, 'cmake_args': None, 'cmake_clean_cache': False, 'cmake_clean_first': False, 'cmake_force_configure': False, 'cmake_target': None, 'cmake_target_skip_unavailable': False, 'install_base': '/home/ros-student/ros2_ws/install/my_robot_controller', 'merge_install': False, 'path': '/home/ros-student/ros2_ws/src/my_robot_controller', 'symlink_install': False, 'test_result_base': None}
[0.272s] Level 5:colcon.colcon_core.verb:set package 'robot_interface' build argument 'cmake_args' from command line to 'None'
[0.272s] Level 5:colcon.colcon_core.verb:set package 'robot_interface' build argument 'cmake_target' from command line to 'None'
[0.272s] Level 5:colcon.colcon_core.verb:set package 'robot_interface' build argument 'cmake_target_skip_unavailable' from command line to 'False'
[0.272s] Level 5:colcon.colcon_core.verb:set package 'robot_interface' build argument 'cmake_clean_cache' from command line to 'False'
[0.272s] Level 5:colcon.colcon_core.verb:set package 'robot_interface' build argument 'cmake_clean_first' from command line to 'False'
[0.272s] Level 5:colcon.colcon_core.verb:set package 'robot_interface' build argument 'cmake_force_configure' from command line to 'False'
[0.272s] Level 5:colcon.colcon_core.verb:set package 'robot_interface' build argument 'ament_cmake_args' from command line to 'None'
[0.272s] Level 5:colcon.colcon_core.verb:set package 'robot_interface' build argument 'catkin_cmake_args' from command line to 'None'
[0.272s] Level 5:colcon.colcon_core.verb:set package 'robot_interface' build argument 'catkin_skip_building_tests' from command line to 'False'
[0.272s] DEBUG:colcon.colcon_core.verb:Building package 'robot_interface' with the following arguments: {'ament_cmake_args': None, 'build_base': '/home/ros-student/ros2_ws/build/robot_interface', 'catkin_cmake_args': None, 'catkin_skip_building_tests': False, 'cmake_args': None, 'cmake_clean_cache': False, 'cmake_clean_first': False, 'cmake_force_configure': False, 'cmake_target': None, 'cmake_target_skip_unavailable': False, 'install_base': '/home/ros-student/ros2_ws/install/robot_interface', 'merge_install': False, 'path': '/home/ros-student/ros2_ws/src/robot_interface', 'symlink_install': False, 'test_result_base': None}
[0.273s] INFO:colcon.colcon_core.executor:Executing jobs using 'parallel' executor
[0.274s] DEBUG:colcon.colcon_parallel_executor.executor.parallel:run_until_complete
[0.274s] INFO:colcon.colcon_ros.task.ament_python.build:Building ROS package in '/home/ros-student/ros2_ws/src/my_robot_controller' with build type 'ament_python'
[0.274s] Level 1:colcon.colcon_core.shell:create_environment_hook('my_robot_controller', 'ament_prefix_path')
[0.277s] INFO:colcon.colcon_core.plugin_system:Skipping extension 'colcon_core.shell.bat': Not used on non-Windows systems
[0.277s] INFO:colcon.colcon_core.shell:Creating environment hook '/home/ros-student/ros2_ws/install/my_robot_controller/share/my_robot_controller/hook/ament_prefix_path.ps1'
[0.277s] INFO:colcon.colcon_core.shell:Creating environment descriptor '/home/ros-student/ros2_ws/install/my_robot_controller/share/my_robot_controller/hook/ament_prefix_path.dsv'
[0.278s] INFO:colcon.colcon_core.shell:Creating environment hook '/home/ros-student/ros2_ws/install/my_robot_controller/share/my_robot_controller/hook/ament_prefix_path.sh'
[0.279s] INFO:colcon.colcon_core.shell:Skip shell extension 'powershell' for command environment: Not usable outside of PowerShell
[0.279s] DEBUG:colcon.colcon_core.shell:Skip shell extension 'dsv' for command environment
[0.281s] INFO:colcon.colcon_ros.task.ament_python.build:Building ROS package in '/home/ros-student/ros2_ws/src/robot_interface' with build type 'ament_python'
[0.282s] Level 1:colcon.colcon_core.shell:create_environment_hook('robot_interface', 'ament_prefix_path')
[0.282s] INFO:colcon.colcon_core.shell:Creating environment hook '/home/ros-student/ros2_ws/install/robot_interface/share/robot_interface/hook/ament_prefix_path.ps1'
[0.283s] INFO:colcon.colcon_core.shell:Creating environment descriptor '/home/ros-student/ros2_ws/install/robot_interface/share/robot_interface/hook/ament_prefix_path.dsv'
[0.283s] INFO:colcon.colcon_core.shell:Creating environment hook '/home/ros-student/ros2_ws/install/robot_interface/share/robot_interface/hook/ament_prefix_path.sh'
[0.283s] INFO:colcon.colcon_core.shell:Skip shell extension 'powershell' for command environment: Not usable outside of PowerShell
[0.284s] DEBUG:colcon.colcon_core.shell:Skip shell extension 'dsv' for command environment
[0.518s] INFO:colcon.colcon_core.task.python.build:Building Python package in '/home/ros-student/ros2_ws/src/my_robot_controller'
[0.518s] INFO:colcon.colcon_core.shell:Skip shell extension 'powershell' for command environment: Not usable outside of PowerShell
[0.518s] DEBUG:colcon.colcon_core.shell:Skip shell extension 'dsv' for command environment
[0.744s] WARNING:colcon.colcon_ros.task.ament_python.build:Package 'robot_interface' doesn't explicitly install a marker in the package index (colcon-ros currently does it implicitly but that fallback will be removed in the future)
[0.744s] WARNING:colcon.colcon_ros.task.ament_python.build:Package 'robot_interface' doesn't explicitly install the 'package.xml' file (colcon-ros currently does it implicitly but that fallback will be removed in the future)
[0.749s] INFO:colcon.colcon_core.task.python.build:Building Python package in '/home/ros-student/ros2_ws/src/robot_interface'
[0.749s] INFO:colcon.colcon_core.shell:Skip shell extension 'powershell' for command environment: Not usable outside of PowerShell
[0.749s] DEBUG:colcon.colcon_core.shell:Skip shell extension 'dsv' for command environment
[1.133s] DEBUG:colcon.colcon_core.event_handler.log_command:Invoking command in '/home/ros-student/ros2_ws/src/my_robot_controller': PYTHONPATH=/home/ros-student/ros2_ws/build/my_robot_controller/prefix_override:/usr/lib/python3/dist-packages/colcon_core/task/python/colcon_distutils_commands:/home/ros-student/ros2_ws/install/my_robot_controller/lib/python3.10/site-packages: /usr/bin/python3 -W ignore:setup.py install is deprecated -W ignore:easy_install command is deprecated setup.py egg_info --egg-base ../../build/my_robot_controller build --build-base /home/ros-student/ros2_ws/build/my_robot_controller/build install --record /home/ros-student/ros2_ws/build/my_robot_controller/install.log --single-version-externally-managed install_data
[1.139s] DEBUG:colcon.colcon_core.event_handler.log_command:Invoking command in '/home/ros-student/ros2_ws/src/robot_interface': PYTHONPATH=/home/ros-student/ros2_ws/build/robot_interface/prefix_override:/usr/lib/python3/dist-packages/colcon_core/task/python/colcon_distutils_commands:/home/ros-student/ros2_ws/install/robot_interface/lib/python3.10/site-packages: /usr/bin/python3 -W ignore:setup.py install is deprecated -W ignore:easy_install command is deprecated setup.py egg_info --egg-base ../../build/robot_interface build --build-base /home/ros-student/ros2_ws/build/robot_interface/build install --record /home/ros-student/ros2_ws/build/robot_interface/install.log --single-version-externally-managed
[1.465s] DEBUG:colcon.colcon_core.event_handler.log_command:Invoked command in '/home/ros-student/ros2_ws/src/robot_interface' returned '0': PYTHONPATH=/home/ros-student/ros2_ws/build/robot_interface/prefix_override:/usr/lib/python3/dist-packages/colcon_core/task/python/colcon_distutils_commands:/home/ros-student/ros2_ws/install/robot_interface/lib/python3.10/site-packages: /usr/bin/python3 -W ignore:setup.py install is deprecated -W ignore:easy_install command is deprecated setup.py egg_info --egg-base ../../build/robot_interface build --build-base /home/ros-student/ros2_ws/build/robot_interface/build install --record /home/ros-student/ros2_ws/build/robot_interface/install.log --single-version-externally-managed
[1.467s] Level 1:colcon.colcon_core.environment:checking '/home/ros-student/ros2_ws/install/robot_interface' for CMake module files
[1.467s] Level 1:colcon.colcon_core.environment:checking '/home/ros-student/ros2_ws/install/robot_interface' for CMake config files
[1.468s] Level 1:colcon.colcon_core.environment:checking '/home/ros-student/ros2_ws/install/robot_interface/lib'
[1.468s] Level 1:colcon.colcon_core.environment:checking '/home/ros-student/ros2_ws/install/robot_interface/bin'
[1.468s] Level 1:colcon.colcon_core.environment:checking '/home/ros-student/ros2_ws/install/robot_interface/lib/pkgconfig/robot_interface.pc'
[1.468s] Level 1:colcon.colcon_core.environment:checking '/home/ros-student/ros2_ws/install/robot_interface/lib/python3.10/site-packages'
[1.468s] Level 1:colcon.colcon_core.shell:create_environment_hook('robot_interface', 'pythonpath')
[1.469s] INFO:colcon.colcon_core.shell:Creating environment hook '/home/ros-student/ros2_ws/install/robot_interface/share/robot_interface/hook/pythonpath.ps1'
[1.469s] INFO:colcon.colcon_core.shell:Creating environment descriptor '/home/ros-student/ros2_ws/install/robot_interface/share/robot_interface/hook/pythonpath.dsv'
[1.470s] INFO:colcon.colcon_core.shell:Creating environment hook '/home/ros-student/ros2_ws/install/robot_interface/share/robot_interface/hook/pythonpath.sh'
[1.470s] Level 1:colcon.colcon_core.environment:checking '/home/ros-student/ros2_ws/install/robot_interface/bin'
[1.470s] Level 1:colcon.colcon_core.environment:create_environment_scripts_only(robot_interface)
[1.471s] INFO:colcon.colcon_core.shell:Creating package script '/home/ros-student/ros2_ws/install/robot_interface/share/robot_interface/package.ps1'
[1.471s] INFO:colcon.colcon_core.shell:Creating package descriptor '/home/ros-student/ros2_ws/install/robot_interface/share/robot_interface/package.dsv'
[1.472s] INFO:colcon.colcon_core.shell:Creating package script '/home/ros-student/ros2_ws/install/robot_interface/share/robot_interface/package.sh'
[1.473s] INFO:colcon.colcon_core.shell:Creating package script '/home/ros-student/ros2_ws/install/robot_interface/share/robot_interface/package.bash'
[1.474s] INFO:colcon.colcon_core.shell:Creating package script '/home/ros-student/ros2_ws/install/robot_interface/share/robot_interface/package.zsh'
[1.474s] Level 1:colcon.colcon_core.environment:create_file_with_runtime_dependencies(/home/ros-student/ros2_ws/install/robot_interface/share/colcon-core/packages/robot_interface)
[1.476s] Level 1:colcon.colcon_core.environment:checking '/home/ros-student/ros2_ws/install/my_robot_controller' for CMake module files
[1.477s] Level 1:colcon.colcon_core.environment:checking '/home/ros-student/ros2_ws/install/my_robot_controller' for CMake config files
[1.477s] DEBUG:colcon.colcon_core.event_handler.log_command:Invoked command in '/home/ros-student/ros2_ws/src/my_robot_controller' returned '0': PYTHONPATH=/home/ros-student/ros2_ws/build/my_robot_controller/prefix_override:/usr/lib/python3/dist-packages/colcon_core/task/python/colcon_distutils_commands:/home/ros-student/ros2_ws/install/my_robot_controller/lib/python3.10/site-packages: /usr/bin/python3 -W ignore:setup.py install is deprecated -W ignore:easy_install command is deprecated setup.py egg_info --egg-base ../../build/my_robot_controller build --build-base /home/ros-student/ros2_ws/build/my_robot_controller/build install --record /home/ros-student/ros2_ws/build/my_robot_controller/install.log --single-version-externally-managed install_data
[1.478s] Level 1:colcon.colcon_core.environment:checking '/home/ros-student/ros2_ws/install/my_robot_controller/lib'
[1.478s] Level 1:colcon.colcon_core.environment:checking '/home/ros-student/ros2_ws/install/my_robot_controller/bin'
[1.478s] Level 1:colcon.colcon_core.environment:checking '/home/ros-student/ros2_ws/install/my_robot_controller/lib/pkgconfig/my_robot_controller.pc'
[1.478s] Level 1:colcon.colcon_core.environment:checking '/home/ros-student/ros2_ws/install/my_robot_controller/lib/python3.10/site-packages'
[1.478s] Level 1:colcon.colcon_core.shell:create_environment_hook('my_robot_controller', 'pythonpath')
[1.479s] INFO:colcon.colcon_core.shell:Creating environment hook '/home/ros-student/ros2_ws/install/my_robot_controller/share/my_robot_controller/hook/pythonpath.ps1'
[1.479s] INFO:colcon.colcon_core.shell:Creating environment descriptor '/home/ros-student/ros2_ws/install/my_robot_controller/share/my_robot_controller/hook/pythonpath.dsv'
[1.480s] INFO:colcon.colcon_core.shell:Creating environment hook '/home/ros-student/ros2_ws/install/my_robot_controller/share/my_robot_controller/hook/pythonpath.sh'
[1.480s] Level 1:colcon.colcon_core.environment:checking '/home/ros-student/ros2_ws/install/my_robot_controller/bin'
[1.480s] Level 1:colcon.colcon_core.environment:create_environment_scripts_only(my_robot_controller)
[1.481s] INFO:colcon.colcon_core.shell:Creating package script '/home/ros-student/ros2_ws/install/my_robot_controller/share/my_robot_controller/package.ps1'
[1.481s] INFO:colcon.colcon_core.shell:Creating package descriptor '/home/ros-student/ros2_ws/install/my_robot_controller/share/my_robot_controller/package.dsv'
[1.481s] INFO:colcon.colcon_core.shell:Creating package script '/home/ros-student/ros2_ws/install/my_robot_controller/share/my_robot_controller/package.sh'
[1.482s] INFO:colcon.colcon_core.shell:Creating package script '/home/ros-student/ros2_ws/install/my_robot_controller/share/my_robot_controller/package.bash'
[1.482s] INFO:colcon.colcon_core.shell:Creating package script '/home/ros-student/ros2_ws/install/my_robot_controller/share/my_robot_controller/package.zsh'
[1.483s] Level 1:colcon.colcon_core.environment:create_file_with_runtime_dependencies(/home/ros-student/ros2_ws/install/my_robot_controller/share/colcon-core/packages/my_robot_controller)
[1.483s] DEBUG:colcon.colcon_parallel_executor.executor.parallel:closing loop
[1.484s] DEBUG:colcon.colcon_parallel_executor.executor.parallel:loop closed
[1.484s] DEBUG:colcon.colcon_parallel_executor.executor.parallel:run_until_complete finished with '0'
[1.484s] DEBUG:colcon.colcon_core.event_reactor:joining thread
[1.489s] INFO:colcon.colcon_core.plugin_system:Skipping extension 'colcon_notification.desktop_notification.notify_send': Could not find 'notify-send'
[1.489s] INFO:colcon.colcon_core.plugin_system:Skipping extension 'colcon_notification.desktop_notification.terminal_notifier': Not used on non-Darwin systems
[1.490s] INFO:colcon.colcon_core.plugin_system:Skipping extension 'colcon_notification.desktop_notification.win32': Not used on non-Windows systems
[1.490s] INFO:colcon.colcon_notification.desktop_notification:Sending desktop notification using 'notify2'
[1.494s] DEBUG:colcon.colcon_notification.desktop_notification.notify2:Failed to initialize notify2: org.freedesktop.DBus.Error.Spawn.ExecFailed: /usr/bin/dbus-launch terminated abnormally without any error message
[1.494s] DEBUG:colcon.colcon_core.event_reactor:joined thread
[1.495s] INFO:colcon.colcon_core.shell:Creating prefix script '/home/ros-student/ros2_ws/install/local_setup.ps1'
[1.496s] INFO:colcon.colcon_core.shell:Creating prefix util module '/home/ros-student/ros2_ws/install/_local_setup_util_ps1.py'
[1.498s] INFO:colcon.colcon_core.shell:Creating prefix chain script '/home/ros-student/ros2_ws/install/setup.ps1'
[1.499s] INFO:colcon.colcon_core.shell:Creating prefix script '/home/ros-student/ros2_ws/install/local_setup.sh'
[1.499s] INFO:colcon.colcon_core.shell:Creating prefix util module '/home/ros-student/ros2_ws/install/_local_setup_util_sh.py'
[1.500s] INFO:colcon.colcon_core.shell:Creating prefix chain script '/home/ros-student/ros2_ws/install/setup.sh'
[1.501s] INFO:colcon.colcon_core.shell:Creating prefix script '/home/ros-student/ros2_ws/install/local_setup.bash'
[1.502s] INFO:colcon.colcon_core.shell:Creating prefix chain script '/home/ros-student/ros2_ws/install/setup.bash'
[1.503s] INFO:colcon.colcon_core.shell:Creating prefix script '/home/ros-student/ros2_ws/install/local_setup.zsh'
[1.503s] INFO:colcon.colcon_core.shell:Creating prefix chain script '/home/ros-student/ros2_ws/install/setup.zsh'
