[0.858s] Invoking command in '/home/ros-student/ros2_ws/src/my_robot_controller': PYTHONPATH=/home/ros-student/ros2_ws/build/my_robot_controller/prefix_override:/usr/lib/python3/dist-packages/colcon_core/task/python/colcon_distutils_commands:/home/ros-student/ros2_ws/install/my_robot_controller/lib/python3.10/site-packages: /usr/bin/python3 -W ignore:setup.py install is deprecated -W ignore:easy_install command is deprecated setup.py egg_info --egg-base ../../build/my_robot_controller build --build-base /home/ros-student/ros2_ws/build/my_robot_controller/build install --record /home/ros-student/ros2_ws/build/my_robot_controller/install.log --single-version-externally-managed install_data
[1.089s] running egg_info
[1.089s] writing ../../build/my_robot_controller/my_robot_controller.egg-info/PKG-INFO
[1.089s] writing dependency_links to ../../build/my_robot_controller/my_robot_controller.egg-info/dependency_links.txt
[1.090s] writing entry points to ../../build/my_robot_controller/my_robot_controller.egg-info/entry_points.txt
[1.090s] writing requirements to ../../build/my_robot_controller/my_robot_controller.egg-info/requires.txt
[1.090s] writing top-level names to ../../build/my_robot_controller/my_robot_controller.egg-info/top_level.txt
[1.111s] reading manifest file '../../build/my_robot_controller/my_robot_controller.egg-info/SOURCES.txt'
[1.130s] writing manifest file '../../build/my_robot_controller/my_robot_controller.egg-info/SOURCES.txt'
[1.130s] running build
[1.130s] running build_py
[1.138s] running install
[1.139s] running install_lib
[1.140s] running install_data
[1.145s] running install_egg_info
[1.147s] removing '/home/ros-student/ros2_ws/install/my_robot_controller/lib/python3.10/site-packages/my_robot_controller-0.0.0-py3.10.egg-info' (and everything under it)
[1.148s] Copying ../../build/my_robot_controller/my_robot_controller.egg-info to /home/ros-student/ros2_ws/install/my_robot_controller/lib/python3.10/site-packages/my_robot_controller-0.0.0-py3.10.egg-info
[1.149s] running install_scripts
[1.172s] Installing gui_control script to /home/ros-student/ros2_ws/install/my_robot_controller/lib/my_robot_controller
[1.174s] writing list of installed files to '/home/ros-student/ros2_ws/build/my_robot_controller/install.log'
[1.202s] Invoked command in '/home/ros-student/ros2_ws/src/my_robot_controller' returned '0': PYTHONPATH=/home/ros-student/ros2_ws/build/my_robot_controller/prefix_override:/usr/lib/python3/dist-packages/colcon_core/task/python/colcon_distutils_commands:/home/ros-student/ros2_ws/install/my_robot_controller/lib/python3.10/site-packages: /usr/bin/python3 -W ignore:setup.py install is deprecated -W ignore:easy_install command is deprecated setup.py egg_info --egg-base ../../build/my_robot_controller build --build-base /home/ros-student/ros2_ws/build/my_robot_controller/build install --record /home/ros-student/ros2_ws/build/my_robot_controller/install.log --single-version-externally-managed install_data
