[0.858s] Invoking command in '/home/ros-student/ros2_ws/src/robot_interface': PYTHONPATH=/home/ros-student/ros2_ws/build/robot_interface/prefix_override:/usr/lib/python3/dist-packages/colcon_core/task/python/colcon_distutils_commands:/home/ros-student/ros2_ws/install/robot_interface/lib/python3.10/site-packages: /usr/bin/python3 -W ignore:setup.py install is deprecated -W ignore:easy_install command is deprecated setup.py egg_info --egg-base ../../build/robot_interface build --build-base /home/ros-student/ros2_ws/build/robot_interface/build install --record /home/ros-student/ros2_ws/build/robot_interface/install.log --single-version-externally-managed
[1.082s] running egg_info
[1.082s] writing ../../build/robot_interface/robot_interface.egg-info/PKG-INFO
[1.083s] writing dependency_links to ../../build/robot_interface/robot_interface.egg-info/dependency_links.txt
[1.083s] writing entry points to ../../build/robot_interface/robot_interface.egg-info/entry_points.txt
[1.084s] writing requirements to ../../build/robot_interface/robot_interface.egg-info/requires.txt
[1.084s] writing top-level names to ../../build/robot_interface/robot_interface.egg-info/top_level.txt
[1.101s] reading manifest file '../../build/robot_interface/robot_interface.egg-info/SOURCES.txt'
[1.116s] writing manifest file '../../build/robot_interface/robot_interface.egg-info/SOURCES.txt'
[1.116s] running build
[1.116s] running build_py
[1.126s] running install
[1.126s] running install_lib
[1.128s] running install_egg_info
[1.131s] removing '/home/ros-student/ros2_ws/install/robot_interface/lib/python3.10/site-packages/robot_interface-0.0.0-py3.10.egg-info' (and everything under it)
[1.131s] Copying ../../build/robot_interface/robot_interface.egg-info to /home/ros-student/ros2_ws/install/robot_interface/lib/python3.10/site-packages/robot_interface-0.0.0-py3.10.egg-info
[1.133s] running install_scripts
[1.155s] Installing robot_control script to /home/ros-student/ros2_ws/install/robot_interface/lib/robot_interface
[1.156s] writing list of installed files to '/home/ros-student/ros2_ws/build/robot_interface/install.log'
[1.183s] Invoked command in '/home/ros-student/ros2_ws/src/robot_interface' returned '0': PYTHONPATH=/home/ros-student/ros2_ws/build/robot_interface/prefix_override:/usr/lib/python3/dist-packages/colcon_core/task/python/colcon_distutils_commands:/home/ros-student/ros2_ws/install/robot_interface/lib/python3.10/site-packages: /usr/bin/python3 -W ignore:setup.py install is deprecated -W ignore:easy_install command is deprecated setup.py egg_info --egg-base ../../build/robot_interface build --build-base /home/ros-student/ros2_ws/build/robot_interface/build install --record /home/ros-student/ros2_ws/build/robot_interface/install.log --single-version-externally-managed
