[0.883s] Invoking command in '/home/ros-student/ros2_ws/src/my_robot_controller': PYTHONPATH=/home/ros-student/ros2_ws/build/my_robot_controller/prefix_override:/usr/lib/python3/dist-packages/colcon_core/task/python/colcon_distutils_commands:/home/ros-student/ros2_ws/install/my_robot_controller/lib/python3.10/site-packages: /usr/bin/python3 -W ignore:setup.py install is deprecated -W ignore:easy_install command is deprecated setup.py egg_info --egg-base ../../build/my_robot_controller build --build-base /home/ros-student/ros2_ws/build/my_robot_controller/build install --record /home/ros-student/ros2_ws/build/my_robot_controller/install.log --single-version-externally-managed install_data
[1.108s] running egg_info
[1.109s] writing ../../build/my_robot_controller/my_robot_controller.egg-info/PKG-INFO
[1.109s] writing dependency_links to ../../build/my_robot_controller/my_robot_controller.egg-info/dependency_links.txt
[1.109s] writing entry points to ../../build/my_robot_controller/my_robot_controller.egg-info/entry_points.txt
[1.110s] writing requirements to ../../build/my_robot_controller/my_robot_controller.egg-info/requires.txt
[1.110s] writing top-level names to ../../build/my_robot_controller/my_robot_controller.egg-info/top_level.txt
[1.135s] reading manifest file '../../build/my_robot_controller/my_robot_controller.egg-info/SOURCES.txt'
[1.152s] writing manifest file '../../build/my_robot_controller/my_robot_controller.egg-info/SOURCES.txt'
[1.153s] running build
[1.153s] running build_py
[1.157s] copying my_robot_controller/gui_control.py -> /home/ros-student/ros2_ws/build/my_robot_controller/build/lib/my_robot_controller
[1.166s] running install
[1.167s] running install_lib
[1.167s] copying /home/ros-student/ros2_ws/build/my_robot_controller/build/lib/my_robot_controller/gui_control.py -> /home/ros-student/ros2_ws/install/my_robot_controller/lib/python3.10/site-packages/my_robot_controller
[1.168s] byte-compiling /home/ros-student/ros2_ws/install/my_robot_controller/lib/python3.10/site-packages/my_robot_controller/gui_control.py to gui_control.cpython-310.pyc
[1.170s] running install_data
[1.175s] running install_egg_info
[1.177s] removing '/home/ros-student/ros2_ws/install/my_robot_controller/lib/python3.10/site-packages/my_robot_controller-0.0.0-py3.10.egg-info' (and everything under it)
[1.178s] Copying ../../build/my_robot_controller/my_robot_controller.egg-info to /home/ros-student/ros2_ws/install/my_robot_controller/lib/python3.10/site-packages/my_robot_controller-0.0.0-py3.10.egg-info
[1.179s] running install_scripts
[1.204s] Installing gui_control script to /home/ros-student/ros2_ws/install/my_robot_controller/lib/my_robot_controller
[1.206s] writing list of installed files to '/home/ros-student/ros2_ws/build/my_robot_controller/install.log'
[1.235s] Invoked command in '/home/ros-student/ros2_ws/src/my_robot_controller' returned '0': PYTHONPATH=/home/ros-student/ros2_ws/build/my_robot_controller/prefix_override:/usr/lib/python3/dist-packages/colcon_core/task/python/colcon_distutils_commands:/home/ros-student/ros2_ws/install/my_robot_controller/lib/python3.10/site-packages: /usr/bin/python3 -W ignore:setup.py install is deprecated -W ignore:easy_install command is deprecated setup.py egg_info --egg-base ../../build/my_robot_controller build --build-base /home/ros-student/ros2_ws/build/my_robot_controller/build install --record /home/ros-student/ros2_ws/build/my_robot_controller/install.log --single-version-externally-managed install_data
