running egg_info
creating ../../build/robot_interface/robot_interface.egg-info
writing ../../build/robot_interface/robot_interface.egg-info/PKG-INFO
writing dependency_links to ../../build/robot_interface/robot_interface.egg-info/dependency_links.txt
writing entry points to ../../build/robot_interface/robot_interface.egg-info/entry_points.txt
writing requirements to ../../build/robot_interface/robot_interface.egg-info/requires.txt
writing top-level names to ../../build/robot_interface/robot_interface.egg-info/top_level.txt
writing manifest file '../../build/robot_interface/robot_interface.egg-info/SOURCES.txt'
reading manifest file '../../build/robot_interface/robot_interface.egg-info/SOURCES.txt'
writing manifest file '../../build/robot_interface/robot_interface.egg-info/SOURCES.txt'
running build
running build_py
creating /home/ros-student/ros2_ws/build/robot_interface/build
creating /home/ros-student/ros2_ws/build/robot_interface/build/lib
creating /home/ros-student/ros2_ws/build/robot_interface/build/lib/robot_interface
copying robot_interface/robot_control.py -> /home/ros-student/ros2_ws/build/robot_interface/build/lib/robot_interface
copying robot_interface/__init__.py -> /home/ros-student/ros2_ws/build/robot_interface/build/lib/robot_interface
running install
running install_lib
creating /home/ros-student/ros2_ws/install/robot_interface/lib/python3.10/site-packages/robot_interface
copying /home/ros-student/ros2_ws/build/robot_interface/build/lib/robot_interface/robot_control.py -> /home/ros-student/ros2_ws/install/robot_interface/lib/python3.10/site-packages/robot_interface
copying /home/ros-student/ros2_ws/build/robot_interface/build/lib/robot_interface/__init__.py -> /home/ros-student/ros2_ws/install/robot_interface/lib/python3.10/site-packages/robot_interface
byte-compiling /home/ros-student/ros2_ws/install/robot_interface/lib/python3.10/site-packages/robot_interface/robot_control.py to robot_control.cpython-310.pyc
byte-compiling /home/ros-student/ros2_ws/install/robot_interface/lib/python3.10/site-packages/robot_interface/__init__.py to __init__.cpython-310.pyc
running install_egg_info
Copying ../../build/robot_interface/robot_interface.egg-info to /home/ros-student/ros2_ws/install/robot_interface/lib/python3.10/site-packages/robot_interface-0.0.0-py3.10.egg-info
running install_scripts
Installing robot_control script to /home/ros-student/ros2_ws/install/robot_interface/lib/robot_interface
writing list of installed files to '/home/ros-student/ros2_ws/build/robot_interface/install.log'
