[0.948s] Invoking command in '/home/ros-student/ros2_ws/src/robot_interface': PYTHONPATH=/home/ros-student/ros2_ws/build/robot_interface/prefix_override:/usr/lib/python3/dist-packages/colcon_core/task/python/colcon_distutils_commands:/home/ros-student/ros2_ws/install/robot_interface/lib/python3.10/site-packages: /usr/bin/python3 -W ignore:setup.py install is deprecated -W ignore:easy_install command is deprecated setup.py egg_info --egg-base ../../build/robot_interface build --build-base /home/ros-student/ros2_ws/build/robot_interface/build install --record /home/ros-student/ros2_ws/build/robot_interface/install.log --single-version-externally-managed
[1.195s] running egg_info
[1.196s] creating ../../build/robot_interface/robot_interface.egg-info
[1.196s] writing ../../build/robot_interface/robot_interface.egg-info/PKG-INFO
[1.196s] writing dependency_links to ../../build/robot_interface/robot_interface.egg-info/dependency_links.txt
[1.197s] writing entry points to ../../build/robot_interface/robot_interface.egg-info/entry_points.txt
[1.197s] writing requirements to ../../build/robot_interface/robot_interface.egg-info/requires.txt
[1.197s] writing top-level names to ../../build/robot_interface/robot_interface.egg-info/top_level.txt
[1.197s] writing manifest file '../../build/robot_interface/robot_interface.egg-info/SOURCES.txt'
[1.222s] reading manifest file '../../build/robot_interface/robot_interface.egg-info/SOURCES.txt'
[1.232s] writing manifest file '../../build/robot_interface/robot_interface.egg-info/SOURCES.txt'
[1.232s] running build
[1.232s] running build_py
[1.234s] creating /home/ros-student/ros2_ws/build/robot_interface/build
[1.234s] creating /home/ros-student/ros2_ws/build/robot_interface/build/lib
[1.234s] creating /home/ros-student/ros2_ws/build/robot_interface/build/lib/robot_interface
[1.237s] copying robot_interface/robot_control.py -> /home/ros-student/ros2_ws/build/robot_interface/build/lib/robot_interface
[1.260s] copying robot_interface/__init__.py -> /home/ros-student/ros2_ws/build/robot_interface/build/lib/robot_interface
[1.264s] running install
[1.264s] running install_lib
[1.266s] creating /home/ros-student/ros2_ws/install/robot_interface/lib/python3.10/site-packages/robot_interface
[1.266s] copying /home/ros-student/ros2_ws/build/robot_interface/build/lib/robot_interface/robot_control.py -> /home/ros-student/ros2_ws/install/robot_interface/lib/python3.10/site-packages/robot_interface
[1.266s] copying /home/ros-student/ros2_ws/build/robot_interface/build/lib/robot_interface/__init__.py -> /home/ros-student/ros2_ws/install/robot_interface/lib/python3.10/site-packages/robot_interface
[1.267s] byte-compiling /home/ros-student/ros2_ws/install/robot_interface/lib/python3.10/site-packages/robot_interface/robot_control.py to robot_control.cpython-310.pyc
[1.269s] byte-compiling /home/ros-student/ros2_ws/install/robot_interface/lib/python3.10/site-packages/robot_interface/__init__.py to __init__.cpython-310.pyc
[1.269s] running install_egg_info
[1.272s] Copying ../../build/robot_interface/robot_interface.egg-info to /home/ros-student/ros2_ws/install/robot_interface/lib/python3.10/site-packages/robot_interface-0.0.0-py3.10.egg-info
[1.274s] running install_scripts
[1.298s] Installing robot_control script to /home/ros-student/ros2_ws/install/robot_interface/lib/robot_interface
[1.301s] writing list of installed files to '/home/ros-student/ros2_ws/build/robot_interface/install.log'
[1.333s] Invoked command in '/home/ros-student/ros2_ws/src/robot_interface' returned '0': PYTHONPATH=/home/ros-student/ros2_ws/build/robot_interface/prefix_override:/usr/lib/python3/dist-packages/colcon_core/task/python/colcon_distutils_commands:/home/ros-student/ros2_ws/install/robot_interface/lib/python3.10/site-packages: /usr/bin/python3 -W ignore:setup.py install is deprecated -W ignore:easy_install command is deprecated setup.py egg_info --egg-base ../../build/robot_interface build --build-base /home/ros-student/ros2_ws/build/robot_interface/build install --record /home/ros-student/ros2_ws/build/robot_interface/install.log --single-version-externally-managed
